0 info it worked if it ends with ok
1 verbose cli [ '/usr/local/bin/node', '/usr/local/bin/npm', 'run', 'shell' ]
2 info using npm@3.10.10
3 info using node@v6.11.0
4 verbose run-script [ 'preshell', 'shell', 'postshell' ]
5 info lifecycle functions@~preshell: functions@
6 silly lifecycle functions@~preshell: no script for preshell, continuing
7 info lifecycle functions@~shell: functions@
8 verbose lifecycle functions@~shell: unsafe-perm in lifecycle true
9 verbose lifecycle functions@~shell: PATH: /usr/local/lib/node_modules/npm/bin/node-gyp-bin:/home/soumyajit/sendSmsProject/functions/node_modules/.bin:/home/soumyajit/bin:/home/soumyajit/.local/bin:/home/soumyajit/anaconda3/bin:/home/soumyajit/bin:/home/soumyajit/.local/bin:/home/soumyajit/anaconda3/bin:/home/soumyajit/bin:/home/soumyajit/.local/bin:/usr/local/sbin:/usr/local/bin:/usr/sbin:/usr/bin:/sbin:/bin:/usr/games:/usr/local/games:/snap/bin:/usr/lib/jvm/java-8-oracle/bin:/usr/lib/jvm/java-8-oracle/db/bin:/usr/lib/jvm/java-8-oracle/jre/bin:/snap/bin:/usr/lib/jvm/java-8-oracle/bin:/usr/lib/jvm/java-8-oracle/db/bin:/usr/lib/jvm/java-8-oracle/jre/bin:/snap/bin:/usr/lib/jvm/java-8-oracle/bin:/usr/lib/jvm/java-8-oracle/db/bin:/usr/lib/jvm/java-8-oracle/jre/bin
10 verbose lifecycle functions@~shell: CWD: /home/soumyajit/sendSmsProject/functions
11 silly lifecycle functions@~shell: Args: [ '-c', 'firebase experimental:functions:shell' ]
12 silly lifecycle functions@~shell: Returned: code: 2  signal: null
13 info lifecycle functions@~shell: Failed to exec shell script
14 verbose stack Error: functions@ shell: `firebase experimental:functions:shell`
14 verbose stack Exit status 2
14 verbose stack     at EventEmitter.<anonymous> (/usr/local/lib/node_modules/npm/lib/utils/lifecycle.js:255:16)
14 verbose stack     at emitTwo (events.js:106:13)
14 verbose stack     at EventEmitter.emit (events.js:191:7)
14 verbose stack     at ChildProcess.<anonymous> (/usr/local/lib/node_modules/npm/lib/utils/spawn.js:40:14)
14 verbose stack     at emitTwo (events.js:106:13)
14 verbose stack     at ChildProcess.emit (events.js:191:7)
14 verbose stack     at maybeClose (internal/child_process.js:891:16)
14 verbose stack     at Process.ChildProcess._handle.onexit (internal/child_process.js:226:5)
15 verbose pkgid functions@
16 verbose cwd /home/soumyajit/sendSmsProject/functions
17 error Linux 4.13.0-16-generic
18 error argv "/usr/local/bin/node" "/usr/local/bin/npm" "run" "shell"
19 error node v6.11.0
20 error npm  v3.10.10
21 error code ELIFECYCLE
22 error functions@ shell: `firebase experimental:functions:shell`
22 error Exit status 2
23 error Failed at the functions@ shell script 'firebase experimental:functions:shell'.
23 error Make sure you have the latest version of node.js and npm installed.
23 error If you do, this is most likely a problem with the functions package,
23 error not with npm itself.
23 error Tell the author that this fails on your system:
23 error     firebase experimental:functions:shell
23 error You can get information on how to open an issue for this project with:
23 error     npm bugs functions
23 error Or if that isn't available, you can get their info via:
23 error     npm owner ls functions
23 error There is likely additional logging output above.
24 verbose exit [ 1, true ]
